<?xml version="1.0" encoding="UTF-8"?>
<!-- Generated by org.testng.reporters.JUnitReportReporter -->
<testsuite hostname="DIVRAJ-2004" failures="0" tests="6" name="com.runnerfile.runnerdemo" time="48.063" errors="0" timestamp="2025-04-11T13:18:05 IST" skipped="0">
  <testcase classname="com.runnerfile.runnerdemo" name="runScenario" time="9.682"/>
  <testcase classname="com.runnerfile.runnerdemo" name="runScenario" time="7.672"/>
  <testcase classname="com.runnerfile.runnerdemo" name="runScenario" time="8.360"/>
  <testcase classname="com.runnerfile.runnerdemo" name="runScenario" time="6.892"/>
  <testcase classname="com.runnerfile.runnerdemo" name="runScenario" time="7.272"/>
  <testcase classname="com.runnerfile.runnerdemo" name="runScenario" time="8.185"/>
</testsuite> <!-- com.runnerfile.runnerdemo -->
