<?xml version="1.0" encoding="UTF-8"?>
<!-- Generated by org.testng.reporters.JUnitReportReporter -->
<testsuite hostname="DIVRAJ-2004" failures="0" tests="6" name="com.runnerfile.runnerdemo" time="46.822" errors="0" timestamp="2025-04-11T13:24:53 IST" skipped="0">
  <testcase classname="com.runnerfile.runnerdemo" name="runScenario" time="10.277"/>
  <testcase classname="com.runnerfile.runnerdemo" name="runScenario" time="7.185"/>
  <testcase classname="com.runnerfile.runnerdemo" name="runScenario" time="7.789"/>
  <testcase classname="com.runnerfile.runnerdemo" name="runScenario" time="7.015"/>
  <testcase classname="com.runnerfile.runnerdemo" name="runScenario" time="7.393"/>
  <testcase classname="com.runnerfile.runnerdemo" name="runScenario" time="7.163"/>
</testsuite> <!-- com.runnerfile.runnerdemo -->
